Log file open, 07/24/18 20:54:44
LogWindows: Failed to load 'aqProf.dll' (GetLastError=126)
LogWindows: File 'aqProf.dll' does not exist
LogWindows: Failed to load 'VSPerf140.dll' (GetLastError=126)
LogWindows: File 'VSPerf140.dll' does not exist
LogWindows: Failed to load 'VtuneApi.dll' (GetLastError=126)
LogWindows: File 'VtuneApi.dll' does not exist
LogWindows: Failed to load 'VtuneApi32e.dll' (GetLastError=126)
LogWindows: File 'VtuneApi32e.dll' does not exist
LogInit: Display: Running engine for game: MyProject4
LogPlatformFile: Not using cached read wrapper
LogInit: Display: RandInit(351747251) SRandInit(351747251).
LogInit: Read version file with build ID '3709383'
LogInit: Overriding engine version to CL 3832480, compatible CL 3709383
LogInit: Registered custom module enumerator with build ID '3709383'
LogTaskGraph: Started task graph with 5 named threads and 14 total threads with 3 sets of task threads.
LogStats: Stats thread started at 0.279902
LogD3D11RHI: Aftermath initialized
LogModuleManager: Display: Found up-to-date module file ../../../Engine/Plugins/2D/Paper2D/Binaries/Win64/UE4Editor-Paper2D.dll (API version 3709383).
LogModuleManager: Display: Found up-to-date module file ../../../Engine/Plugins/2D/Paper2D/Binaries/Win64/UE4Editor-Paper2DEditor.dll (API version 3709383).
LogModuleManager: Display: Found up-to-date module file ../../../Engine/Plugins/2D/Paper2D/Binaries/Win64/UE4Editor-PaperSpriteSheetImporter.dll (API version 3709383).
LogModuleManager: Display: Found up-to-date module file ../../../Engine/Plugins/2D/Paper2D/Binaries/Win64/UE4Editor-PaperTiledImporter.dll (API version 3709383).
LogModuleManager: Display: Found up-to-date module file ../../../Engine/Plugins/2D/Paper2D/Binaries/Win64/UE4Editor-SmartSnapping.dll (API version 3709383).
LogModuleManager: Display: Found up-to-date module file ../../../Engine/Plugins/Blendables/LightPropagationVolume/Binaries/Win64/UE4Editor-LightPropagationVolumeRuntime.dll (API version 3709383).
LogModuleManager: Display: Found up-to-date module file ../../../Engine/Plugins/Blendables/LightPropagationVolume/Binaries/Win64/UE4Editor-LightPropagationVolumeEditor.dll (API version 3709383).
LogModuleManager: Display: Found up-to-date module file ../../../Engine/Plugins/Developer/GitSourceControl/Binaries/Win64/UE4Editor-GitSourceControl.dll (API version 3709383).
LogModuleManager: Display: Found up-to-date module file ../../../Engine/Plugins/Developer/PerforceSourceControl/Binaries/Win64/UE4Editor-PerforceSourceControl.dll (API version 3709383).
LogModuleManager: Display: Found up-to-date module file ../../../Engine/Plugins/Developer/SubversionSourceControl/Binaries/Win64/UE4Editor-SubversionSourceControl.dll (API version 3709383).
LogModuleManager: Display: Found up-to-date module file ../../../Engine/Plugins/Developer/UObjectPlugin/Binaries/Win64/UE4Editor-UObjectPlugin.dll (API version 3709383).
LogModuleManager: Display: Found up-to-date module file ../../../Engine/Plugins/Developer/VisualStudioCodeSourceCodeAccess/Binaries/Win64/UE4Editor-VisualStudioCodeSourceCodeAccess.dll (API version 3709383).
LogModuleManager: Display: Found up-to-date module file ../../../Engine/Plugins/Developer/VisualStudioSourceCodeAccess/Binaries/Win64/UE4Editor-VisualStudioSourceCodeAccess.dll (API version 3709383).
LogModuleManager: Display: Found up-to-date module file ../../../Engine/Plugins/Editor/AssetManagerEditor/Binaries/Win64/UE4Editor-AssetManagerEditor.dll (API version 3709383).
LogModuleManager: Display: Found up-to-date module file ../../../Engine/Plugins/Editor/AudioCapture/Binaries/Win64/UE4Editor-AudioCapture.dll (API version 3709383).
LogModuleManager: Display: Found up-to-date module file ../../../Engine/Plugins/Editor/FacialAnimation/Binaries/Win64/UE4Editor-FacialAnimation.dll (API version 3709383).
LogModuleManager: Display: Found up-to-date module file ../../../Engine/Plugins/Editor/FacialAnimation/Binaries/Win64/UE4Editor-FacialAnimationEditor.dll (API version 3709383).
LogModuleManager: Display: Found up-to-date module file ../../../Engine/Plugins/Editor/GameplayTagsEditor/Binaries/Win64/UE4Editor-GameplayTagsEditor.dll (API version 3709383).
LogModuleManager: Display: Found up-to-date module file ../../../Engine/Plugins/Editor/MobileLauncherProfileWizard/Binaries/Win64/UE4Editor-MobileLauncherProfileWizard.dll (API version 3709383).
LogModuleManager: Display: Found up-to-date module file ../../../Engine/Plugins/Editor/PluginBrowser/Binaries/Win64/UE4Editor-PluginBrowser.dll (API version 3709383).
LogModuleManager: Display: Found up-to-date module file ../../../Engine/Plugins/Editor/SpeedTreeImporter/Binaries/Win64/UE4Editor-SpeedTreeImporter.dll (API version 3709383).
LogModuleManager: Display: Found up-to-date module file ../../../Engine/Plugins/Experimental/AlembicImporter/Binaries/Win64/UE4Editor-AlembicImporter.dll (API version 3709383).
LogModuleManager: Display: Found up-to-date module file ../../../Engine/Plugins/Experimental/AlembicImporter/Binaries/Win64/UE4Editor-AlembicLibrary.dll (API version 3709383).
LogModuleManager: Display: Found up-to-date module file ../../../Engine/Plugins/Experimental/CharacterAI/Binaries/Win64/UE4Editor-CharacterAI.dll (API version 3709383).
LogModuleManager: Display: Found up-to-date module file ../../../Engine/Plugins/Experimental/HTML5Networking/Binaries/Win64/UE4Editor-HTML5Networking.dll (API version 3709383).
LogModuleManager: Display: Found up-to-date module file ../../../Engine/Plugins/Media/AndroidMedia/Binaries/Win64/UE4Editor-AndroidMediaEditor.dll (API version 3709383).
LogModuleManager: Display: Found up-to-date module file ../../../Engine/Plugins/Media/AndroidMedia/Binaries/Win64/UE4Editor-AndroidMediaFactory.dll (API version 3709383).
LogModuleManager: Display: Found up-to-date module file ../../../Engine/Plugins/Media/AvfMedia/Binaries/Win64/UE4Editor-AvfMediaEditor.dll (API version 3709383).
LogModuleManager: Display: Found up-to-date module file ../../../Engine/Plugins/Media/AvfMedia/Binaries/Win64/UE4Editor-AvfMediaFactory.dll (API version 3709383).
LogModuleManager: Display: Found up-to-date module file ../../../Engine/Plugins/Media/AvfMedia/Binaries/Win64/UE4Editor-AvfMediaFactory.dll (API version 3709383).
LogModuleManager: Display: Found up-to-date module file ../../../Engine/Plugins/Media/ImgMedia/Binaries/Win64/UE4Editor-ImgMedia.dll (API version 3709383).
LogModuleManager: Display: Found up-to-date module file ../../../Engine/Plugins/Media/ImgMedia/Binaries/Win64/UE4Editor-ImgMediaEditor.dll (API version 3709383).
LogModuleManager: Display: Found up-to-date module file ../../../Engine/Plugins/Media/ImgMedia/Binaries/Win64/UE4Editor-ImgMediaFactory.dll (API version 3709383).
LogModuleManager: Display: Found up-to-date module file ../../../Engine/Plugins/Media/ImgMedia/Binaries/Win64/UE4Editor-ImgMediaFactory.dll (API version 3709383).
LogModuleManager: Display: Found up-to-date module file ../../../Engine/Plugins/Media/ImgMedia/Binaries/Win64/UE4Editor-OpenExrWrapper.dll (API version 3709383).
LogModuleManager: Display: Found up-to-date module file ../../../Engine/Plugins/Media/MediaCompositing/Binaries/Win64/UE4Editor-MediaCompositing.dll (API version 3709383).
LogModuleManager: Display: Found up-to-date module file ../../../Engine/Plugins/Media/MediaCompositing/Binaries/Win64/UE4Editor-MediaCompositingEditor.dll (API version 3709383).
LogModuleManager: Display: Found up-to-date module file ../../../Engine/Plugins/Media/MediaPlayerEditor/Binaries/Win64/UE4Editor-MediaPlayerEditor.dll (API version 3709383).
LogModuleManager: Display: Found up-to-date module file ../../../Engine/Plugins/Media/WmfMedia/Binaries/Win64/UE4Editor-WmfMedia.dll (API version 3709383).
LogModuleManager: Display: Found up-to-date module file ../../../Engine/Plugins/Media/WmfMedia/Binaries/Win64/UE4Editor-WmfMediaEditor.dll (API version 3709383).
LogModuleManager: Display: Found up-to-date module file ../../../Engine/Plugins/Media/WmfMedia/Binaries/Win64/UE4Editor-WmfMediaFactory.dll (API version 3709383).
LogModuleManager: Display: Found up-to-date module file ../../../Engine/Plugins/Media/WmfMedia/Binaries/Win64/UE4Editor-WmfMediaFactory.dll (API version 3709383).
LogModuleManager: Display: Found up-to-date module file ../../../Engine/Plugins/Messaging/TcpMessaging/Binaries/Win64/UE4Editor-TcpMessaging.dll (API version 3709383).
LogModuleManager: Display: Found up-to-date module file ../../../Engine/Plugins/Messaging/UdpMessaging/Binaries/Win64/UE4Editor-UdpMessaging.dll (API version 3709383).
LogModuleManager: Display: Found up-to-date module file ../../../Engine/Plugins/MovieScene/ActorSequence/Binaries/Win64/UE4Editor-ActorSequence.dll (API version 3709383).
LogModuleManager: Display: Found up-to-date module file ../../../Engine/Plugins/MovieScene/LevelSequenceEditor/Binaries/Win64/UE4Editor-LevelSequenceEditor.dll (API version 3709383).
LogModuleManager: Display: Found up-to-date module file ../../../Engine/Plugins/MovieScene/MatineeToLevelSequence/Binaries/Win64/UE4Editor-MatineeToLevelSequence.dll (API version 3709383).
LogModuleManager: Display: Found up-to-date module file ../../../Engine/Plugins/Online/OnlineSubsystem/Binaries/Win64/UE4Editor-OnlineSubsystem.dll (API version 3709383).
LogModuleManager: Display: Found up-to-date module file ../../../Engine/Plugins/Runtime/AndroidPermission/Binaries/Win64/UE4Editor-AndroidPermission.dll (API version 3709383).
LogModuleManager: Display: Found up-to-date module file ../../../Engine/Plugins/Online/OnlineSubsystemNull/Binaries/Win64/UE4Editor-OnlineSubsystemNull.dll (API version 3709383).
LogModuleManager: Display: Found up-to-date module file ../../../Engine/Plugins/Online/OnlineSubsystemUtils/Binaries/Win64/UE4Editor-OnlineSubsystemUtils.dll (API version 3709383).
LogModuleManager: Display: Found up-to-date module file ../../../Engine/Plugins/Online/OnlineSubsystemUtils/Binaries/Win64/UE4Editor-OnlineBlueprintSupport.dll (API version 3709383).
LogModuleManager: Display: Found up-to-date module file ../../../Engine/Plugins/Runtime/AndroidDeviceProfileSelector/Binaries/Win64/UE4Editor-AndroidDeviceProfileSelector.dll (API version 3709383).
LogModuleManager: Display: Found up-to-date module file ../../../Engine/Plugins/Runtime/AppleARKit/Binaries/Win64/UE4Editor-AppleARKit.dll (API version 3709383).
LogModuleManager: Display: Found up-to-date module file ../../../Engine/Plugins/Runtime/ArchVisCharacter/Binaries/Win64/UE4Editor-ArchVisCharacter.dll (API version 3709383).
LogModuleManager: Display: Found up-to-date module file ../../../Engine/Plugins/Runtime/CableComponent/Binaries/Win64/UE4Editor-CableComponent.dll (API version 3709383).
LogModuleManager: Display: Found up-to-date module file ../../../Engine/Plugins/Runtime/CustomMeshComponent/Binaries/Win64/UE4Editor-CustomMeshComponent.dll (API version 3709383).
LogModuleManager: Display: Found up-to-date module file ../../../Engine/Plugins/Runtime/ExampleDeviceProfileSelector/Binaries/Win64/UE4Editor-ExampleDeviceProfileSelector.dll (API version 3709383).
LogModuleManager: Display: Found up-to-date module file ../../../Engine/Plugins/Runtime/ImmediatePhysics/Binaries/Win64/UE4Editor-ImmediatePhysics.dll (API version 3709383).
LogModuleManager: Display: Found up-to-date module file ../../../Engine/Plugins/Runtime/ImmediatePhysics/Binaries/Win64/UE4Editor-ImmediatePhysicsEditor.dll (API version 3709383).
LogModuleManager: Display: Found up-to-date module file ../../../Engine/Plugins/Runtime/LocationServicesBPLibrary/Binaries/Win64/UE4Editor-LocationServicesBPLibrary.dll (API version 3709383).
LogModuleManager: Display: Found up-to-date module file ../../../Engine/Plugins/Runtime/MobilePatchingUtils/Binaries/Win64/UE4Editor-MobilePatchingUtils.dll (API version 3709383).
LogModuleManager: Display: Found up-to-date module file ../../../Engine/Plugins/Runtime/Oculus/OculusVR/Binaries/Win64/UE4Editor-OculusHMD.dll (API version 3709383).
LogModuleManager: Display: Found up-to-date module file ../../../Engine/Plugins/Runtime/Oculus/OculusVR/Binaries/Win64/UE4Editor-OculusInput.dll (API version 3709383).
LogModuleManager: Display: Found up-to-date module file ../../../Engine/Plugins/Runtime/Oculus/OculusVR/Binaries/Win64/UE4Editor-OculusEditor.dll (API version 3709383).
LogModuleManager: Display: Found up-to-date module file ../../../Engine/Plugins/Runtime/PhysXVehicles/Binaries/Win64/UE4Editor-PhysXVehicles.dll (API version 3709383).
LogModuleManager: Display: Found up-to-date module file ../../../Engine/Plugins/Runtime/PhysXVehicles/Binaries/Win64/UE4Editor-PhysXVehiclesEditor.dll (API version 3709383).
LogModuleManager: Display: Found up-to-date module file ../../../Engine/Plugins/Runtime/ProceduralMeshComponent/Binaries/Win64/UE4Editor-ProceduralMeshComponent.dll (API version 3709383).
LogModuleManager: Display: Found up-to-date module file ../../../Engine/Plugins/Runtime/ProceduralMeshComponent/Binaries/Win64/UE4Editor-ProceduralMeshComponentEditor.dll (API version 3709383).
LogModuleManager: Display: Found up-to-date module file ../../../Engine/Plugins/Runtime/RuntimePhysXCooking/Binaries/Win64/UE4Editor-RuntimePhysXCooking.dll (API version 3709383).
LogModuleManager: Display: Found up-to-date module file ../../../Engine/Plugins/Runtime/Steam/SteamVR/Binaries/Win64/UE4Editor-SteamVR.dll (API version 3709383).
LogModuleManager: Display: Found up-to-date module file ../../../Engine/Plugins/Runtime/Steam/SteamVR/Binaries/Win64/UE4Editor-SteamVRController.dll (API version 3709383).
LogModuleManager: Display: Found up-to-date module file ../../../Engine/Plugins/Runtime/WindowsMoviePlayer/Binaries/Win64/UE4Editor-WindowsMoviePlayer.dll (API version 3709383).
LogPluginManager: Mounting plugin Paper2D
LogPluginManager: Mounting plugin LightPropagationVolume
LogPluginManager: Mounting plugin CodeLiteSourceCodeAccess
LogPluginManager: Mounting plugin GitSourceControl
LogPluginManager: Mounting plugin KDevelopSourceCodeAccess
LogPluginManager: Mounting plugin NullSourceCodeAccess
LogPluginManager: Mounting plugin PerforceSourceControl
LogPluginManager: Mounting plugin SubversionSourceControl
LogPluginManager: Mounting plugin UObjectPlugin
LogPluginManager: Mounting plugin VisualStudioCodeSourceCodeAccess
LogPluginManager: Mounting plugin VisualStudioSourceCodeAccess
LogPluginManager: Mounting plugin XCodeSourceCodeAccess
LogPluginManager: Mounting plugin AssetManagerEditor
LogPluginManager: Mounting plugin AudioCapture
LogPluginManager: Mounting plugin FacialAnimation
LogPluginManager: Mounting plugin GameplayTagsEditor
LogPluginManager: Mounting plugin MobileLauncherProfileWizard
LogPluginManager: Mounting plugin PluginBrowser
LogPluginManager: Mounting plugin SpeedTreeImporter
LogPluginManager: Mounting plugin AlembicImporter
LogPluginManager: Mounting plugin CharacterAI
LogPluginManager: Mounting plugin HTML5Networking
LogPluginManager: Mounting plugin AndroidMedia
LogPluginManager: Mounting plugin AvfMedia
LogPluginManager: Mounting plugin ImgMedia
LogPluginManager: Mounting plugin MediaCompositing
LogPluginManager: Mounting plugin MediaPlayerEditor
LogPluginManager: Mounting plugin WmfMedia
LogPluginManager: Mounting plugin TcpMessaging
LogPluginManager: Mounting plugin UdpMessaging
LogPluginManager: Mounting plugin ActorSequence
LogPluginManager: Mounting plugin LevelSequenceEditor
LogPluginManager: Mounting plugin MatineeToLevelSequence
LogPluginManager: Mounting plugin OnlineSubsystemGooglePlay
LogPluginManager: Mounting plugin OnlineSubsystemIOS
LogPluginManager: Mounting plugin OnlineSubsystem
LogPluginManager: Mounting plugin OnlineSubsystemNull
LogPluginManager: Mounting plugin OnlineSubsystemUtils
LogPluginManager: Mounting plugin AndroidDeviceProfileSelector
LogPluginManager: Mounting plugin AndroidMoviePlayer
LogPluginManager: Mounting plugin AndroidPermission
LogPluginManager: Mounting plugin AppleARKit
LogPluginManager: Mounting plugin AppleMoviePlayer
LogPluginManager: Mounting plugin ArchVisCharacter
LogPluginManager: Mounting plugin CableComponent
LogPluginManager: Mounting plugin CustomMeshComponent
LogPluginManager: Mounting plugin ExampleDeviceProfileSelector
LogPluginManager: Mounting plugin GoogleCloudMessaging
LogPluginManager: Mounting plugin ImmediatePhysics
LogPluginManager: Mounting plugin IOSDeviceProfileSelector
LogPluginManager: Mounting plugin LinuxDeviceProfileSelector
LogPluginManager: Mounting plugin LocationServicesBPLibrary
LogPluginManager: Mounting plugin MobilePatchingUtils
LogPluginManager: Mounting plugin OculusVR
LogPluginManager: Plugin shader directory ../../../Engine/Plugins/Runtime/Oculus/OculusVR/Shaders found
LogPluginManager: Mapping shader source directory ../../../Engine/Plugins/Runtime/Oculus/OculusVR/Shaders to virtual directory /Plugin/OculusVR
LogPluginManager: Mounting plugin PhysXVehicles
LogPluginManager: Mounting plugin ProceduralMeshComponent
LogPluginManager: Mounting plugin RuntimePhysXCooking
LogPluginManager: Mounting plugin SteamVR
LogPluginManager: Mounting plugin WindowsMoviePlayer
LogInit: Using libcurl 7.47.1
LogInit:  - built for x86_64-pc-win32
LogInit:  - supports SSL with OpenSSL/1.0.2g
LogInit:  - supports HTTP deflate (compression) using libz 1.2.8
LogInit:  - other features:
LogInit:      CURL_VERSION_SSL
LogInit:      CURL_VERSION_LIBZ
LogInit:      CURL_VERSION_IPV6
LogInit:      CURL_VERSION_ASYNCHDNS
LogInit:      CURL_VERSION_LARGEFILE
LogInit:      CURL_VERSION_IDN
LogInit:  CurlRequestOptions (configurable via config and command line):
LogInit:  - bVerifyPeer = false  - Libcurl will NOT verify peer certificate
LogInit:  - bUseHttpProxy = false  - Libcurl will NOT use HTTP proxy
LogInit:  - bDontReuseConnections = false  - Libcurl will reuse connections
LogInit:  - CertBundlePath = nullptr  - Libcurl will use whatever was configured at build time.
LogInit: Build: ++UE4+Release-4.18-CL-3832480
LogInit: Engine Version: 4.18.3-3832480+++UE4+Release-4.18
LogInit: Compatible Engine Version: 4.18.0-3709383+++UE4+Release-4.18
LogInit: Net CL: 3709383
LogDevObjectVersion: Number of dev versions registered: 16
LogDevObjectVersion:   Dev-Blueprints (B0D832E4-1F89-4F0D-ACCF-7EB736FD4AA2): 10
LogDevObjectVersion:   Dev-Build (E1C64328-A22C-4D53-A36C-8E866417BD8C): 0
LogDevObjectVersion:   Dev-Core (375EC13C-06E4-48FB-B500-84F0262A717E): 2
LogDevObjectVersion:   Dev-Editor (E4B068ED-F494-42E9-A231-DA0B2E46BB41): 20
LogDevObjectVersion:   Dev-Framework (CFFC743F-43B0-4480-9391-14DF171D2073): 30
LogDevObjectVersion:   Dev-Mobile (B02B49B5-BB20-44E9-A304-32B752E40360): 0
LogDevObjectVersion:   Dev-Networking (A4E4105C-59A1-49B5-A7C5-40C4547EDFEE): 0
LogDevObjectVersion:   Dev-Online (39C831C9-5AE6-47DC-9A44-9C173E1C8E7C): 0
LogDevObjectVersion:   Dev-Physics (78F01B33-EBEA-4F98-B9B4-84EACCB95AA2): 0
LogDevObjectVersion:   Dev-Platform (6631380F-2D4D-43E0-8009-CF276956A95A): 0
LogDevObjectVersion:   Dev-Rendering (12F88B9F-8875-4AFC-A67C-D90C383ABD29): 20
LogDevObjectVersion:   Dev-Sequencer (7B5AE74C-D270-4C10-A958-57980B212A5A): 4
LogDevObjectVersion:   Dev-VR (D7296918-1DD6-4BDD-9DE2-64A83CC13884): 0
LogDevObjectVersion:   Dev-LoadTimes (C2A15278-BFE7-4AFE-6C17-90FF531DF755): 1
LogDevObjectVersion:   Private-Geometry (6EACA3D4-40EC-4CC1-B786-8BED09428FC5): 1
LogDevObjectVersion:   Dev-AnimPhys (29E575DD-E0A3-4627-9D10-D276232CDCEA): 12
LogInit: Compiled (64-bit): Jan 12 2018 02:04:55
LogInit: Compiled with Visual C++: 19.00.24215.01
LogInit: Build Configuration: Development
LogInit: Branch Name: ++UE4+Release-4.18
LogInit: Command line: -EpicPortal 
LogInit: Base directory: C:/Program Files/Epic Games/UE_4.18/Engine/Binaries/Win64/
LogInit: Installed Engine Build: 1
LogInit: Presizing for max 8388607 objects, including 0 objects not considered by GC, pre-allocating 0 bytes for permanent pool.
LogInit: Object subsystem initialized
[2018.07.24-18.54.46:718][  0]LogInit: Selected Device Profile: [Windows]
[2018.07.24-18.54.46:718][  0]LogInit: Applying CVar settings loaded from the selected device profile: [Windows]
[2018.07.24-18.54.46:770][  0]LogInit: Computer: TSUKY
[2018.07.24-18.54.46:770][  0]LogInit: User: Jeremy
[2018.07.24-18.54.46:770][  0]LogInit: CPU Page size=4096, Cores=4
[2018.07.24-18.54.46:770][  0]LogInit: High frequency timer resolution =3.703128 MHz
[2018.07.24-18.54.46:770][  0]LogMemory: Memory total: Physical=8.0GB (8GB approx)
[2018.07.24-18.54.46:771][  0]LogMemory: Platform Memory Stats for Windows
[2018.07.24-18.54.46:771][  0]LogMemory: Process Physical Memory: 272.66 MB used, 272.66 MB peak
[2018.07.24-18.54.46:771][  0]LogMemory: Process Virtual Memory: 270.83 MB used, 270.83 MB peak
[2018.07.24-18.54.46:771][  0]LogMemory: Physical Memory: 5934.00 MB used,  2217.49 MB free, 8151.49 MB total
[2018.07.24-18.54.46:771][  0]LogMemory: Virtual Memory: 4764.96 MB used,  2217.49 MB free, 134217728.00 MB total
[2018.07.24-18.54.47:087][  0]LogInit: Using OS detected language (fr-FR).
[2018.07.24-18.54.47:087][  0]LogInit: Using OS detected locale (fr-BE).
[2018.07.24-18.54.47:173][  0]LogTextLocalizationManager: No localization for 'fr-FR' exists, so 'en' will be used for the language.
[2018.07.24-18.54.47:173][  0]LogTextLocalizationManager: No localization for 'fr-BE' exists, so 'en' will be used for the locale.
[2018.07.24-18.54.47:702][  0]LogInit: Setting process to per monitor DPI aware
[2018.07.24-18.54.51:211][  0]LogD3D11RHI: D3D11 adapters:
[2018.07.24-18.54.51:596][  0]LogD3D11RHI:    0. 'NVIDIA GeForce GTX 970' (Feature Level 11_0)
[2018.07.24-18.54.51:596][  0]LogD3D11RHI:       4043/0/4075 MB DedicatedVideo/DedicatedSystem/SharedSystem, Outputs:3, VendorId:0x10de
[2018.07.24-18.54.51:612][  0]LogD3D11RHI:    1. 'Microsoft Basic Render Driver' (Feature Level 11_0)
[2018.07.24-18.54.51:612][  0]LogD3D11RHI:       0/0/4075 MB DedicatedVideo/DedicatedSystem/SharedSystem, Outputs:0, VendorId:0x1414
[2018.07.24-18.54.51:612][  0]LogD3D11RHI: Chosen D3D11 Adapter: 0
[2018.07.24-18.54.51:619][  0]LogD3D11RHI: Creating new Direct3DDevice
[2018.07.24-18.54.51:619][  0]LogD3D11RHI:     GPU DeviceId: 0x13c2 (for the marketing name, search the web for "GPU Device Id")
[2018.07.24-18.54.51:619][  0]LogWindows: EnumDisplayDevices:
[2018.07.24-18.54.51:619][  0]LogWindows:    0. 'NVIDIA GeForce GTX 970' (P:0 D:1)
[2018.07.24-18.54.51:620][  0]LogWindows:    1. 'NVIDIA GeForce GTX 970' (P:0 D:1)
[2018.07.24-18.54.51:620][  0]LogWindows:    2. 'NVIDIA GeForce GTX 970' (P:1 D:1)
[2018.07.24-18.54.51:620][  0]LogWindows:    3. 'NVIDIA GeForce GTX 970' (P:0 D:0)
[2018.07.24-18.54.51:620][  0]LogWindows: DebugString: GetVideoDriverDetailsInvalid PrimaryIsNotTheChoosenAdapter GetVideoDriverDetailsInvalid PrimaryIsNotTheChoosenAdapter GetVideoDriverDetailsInvalid PrimaryIsNotTheChoosenAdapter GetVideoDriverDetailsInvalid PrimaryIsNotTheChoosenAdapter FoundDriverCount:0 
[2018.07.24-18.54.51:620][  0]LogD3D11RHI:     Adapter Name: NVIDIA GeForce GTX 970
[2018.07.24-18.54.51:620][  0]LogD3D11RHI:   Driver Version: Unknown (internal:Unknown, unified:Unknown)
[2018.07.24-18.54.51:620][  0]LogD3D11RHI:      Driver Date: Unknown
[2018.07.24-18.54.51:620][  0]LogRHI: Texture pool is 2830 MB (70% of 4043 MB)
[2018.07.24-18.54.51:656][  0]LogD3D11RHI: Async texture creation enabled
[2018.07.24-18.54.51:712][  0]LogD3D11RHI: GPU Timing Frequency: 1000.000000 (Debug: 2 2)
[2018.07.24-18.54.51:793][  0]LogShaderCompilers: Guid format shader working directory is -10 characters bigger than the processId version (../../../../../../Users/Jeremy/Documents/GitHub/MyProject4/Intermediate/Shaders/WorkingDirectory/784/).
[2018.07.24-18.54.51:809][  0]LogShaderCompilers: Cleaned the shader compiler working directory 'C:/Users/Jeremy/AppData/Local/Temp/UnrealShaderWorkingDir/5206752F494CBA641417908DB5A9377E/'.
[2018.07.24-18.54.51:809][  0]LogShaderCompilers: Display: Using Local Shader Compiler.
[2018.07.24-18.54.54:714][  0]LogTemp: Display: Loaded TP AllDesktopTargetPlatform
[2018.07.24-18.54.54:774][  0]LogTemp: Display: Loaded TP MacClientTargetPlatform
[2018.07.24-18.54.54:833][  0]LogTemp: Display: Loaded TP MacNoEditorTargetPlatform
[2018.07.24-18.54.54:893][  0]LogTemp: Display: Loaded TP MacServerTargetPlatform
[2018.07.24-18.54.54:962][  0]LogTemp: Display: Loaded TP MacTargetPlatform
[2018.07.24-18.54.55:026][  0]LogTemp: Display: Loaded TP WindowsClientTargetPlatform
[2018.07.24-18.54.55:093][  0]LogTemp: Display: Loaded TP WindowsNoEditorTargetPlatform
[2018.07.24-18.54.55:164][  0]LogTemp: Display: Loaded TP WindowsServerTargetPlatform
[2018.07.24-18.54.55:225][  0]LogTemp: Display: Loaded TP WindowsTargetPlatform
[2018.07.24-18.54.55:285][  0]LogTemp: Display: Loaded TP Android_ASTCTargetPlatform
[2018.07.24-18.54.55:344][  0]LogTemp: Display: Loaded TP Android_ATCTargetPlatform
[2018.07.24-18.54.55:402][  0]LogTemp: Display: Loaded TP Android_DXTTargetPlatform
[2018.07.24-18.54.55:462][  0]LogTemp: Display: Loaded TP Android_ETC1TargetPlatform
[2018.07.24-18.54.55:523][  0]LogTemp: Display: Loaded TP Android_ETC2TargetPlatform
[2018.07.24-18.54.55:639][  0]LogTemp: Display: Loaded TP Android_MultiTargetPlatform
[2018.07.24-18.54.55:639][  0]LogTemp: Display: Loaded TP Android_PVRTCTargetPlatform
[2018.07.24-18.54.55:712][  0]LogTemp: Display: Loaded TP AndroidTargetPlatform
[2018.07.24-18.54.55:763][  0]LogTemp: Display: Loaded TP HTML5TargetPlatform
[2018.07.24-18.54.55:908][  0]LogTemp: Display: Loaded TP IOSTargetPlatform
[2018.07.24-18.54.55:936][  0]LogTemp: Display: Loaded TP TVOSTargetPlatform
[2018.07.24-18.54.55:994][  0]LogTemp: Display: Loaded TP LinuxClientTargetPlatform
[2018.07.24-18.54.56:062][  0]LogTemp: Display: Loaded TP LinuxNoEditorTargetPlatform
[2018.07.24-18.54.56:127][  0]LogTemp: Display: Loaded TP LinuxServerTargetPlatform
[2018.07.24-18.54.56:207][  0]LogTemp: Display: Loaded TP LinuxTargetPlatform
[2018.07.24-18.54.56:207][  0]LogTargetPlatformManager: Display: Building Assets For Windows
[2018.07.24-18.54.56:996][  0]LogDerivedDataCache: Display: Max Cache Size: 512 MB
[2018.07.24-18.54.57:079][  0]LogDerivedDataCache: Loaded boot cache 0.08s 78MB C:/Users/Jeremy/AppData/Local/UnrealEngine/4.18/DerivedDataCache/Boot.ddc.
[2018.07.24-18.54.57:079][  0]LogDerivedDataCache: Display: Loaded Boot cache: C:/Users/Jeremy/AppData/Local/UnrealEngine/4.18/DerivedDataCache/Boot.ddc
[2018.07.24-18.54.57:079][  0]LogDerivedDataCache: FDerivedDataBackendGraph:  Pak pak cache file ../../../../../../Users/Jeremy/Documents/GitHub/MyProject4/DerivedDataCache/DDC.ddp not found, will not use a pak cache.
[2018.07.24-18.54.57:079][  0]LogDerivedDataCache: Unable to find inner node Pak for hierarchical cache Hierarchy.
[2018.07.24-18.54.57:079][  0]LogDerivedDataCache: FDerivedDataBackendGraph:  CompressedPak pak cache file ../../../../../../Users/Jeremy/Documents/GitHub/MyProject4/DerivedDataCache/Compressed.ddp not found, will not use a pak cache.
[2018.07.24-18.54.57:079][  0]LogDerivedDataCache: Unable to find inner node CompressedPak for hierarchical cache Hierarchy.
[2018.07.24-18.54.57:094][  0]LogDerivedDataCache: Display: Pak cache opened for reading ../../../Engine/DerivedDataCache/Compressed.ddp.
[2018.07.24-18.54.57:107][  0]LogDerivedDataCache: Using Local data cache path C:/Users/Jeremy/AppData/Local/UnrealEngine/Common/DerivedDataCache: Writable
[2018.07.24-18.54.57:116][  0]LogMaterial: Verifying Global Shaders for PCD3D_SM5
[2018.07.24-18.54.57:116][  0]LogSlate: Using Freetype 2.6.0
[2018.07.24-18.54.57:131][  0]LogSlate: SlateFontCache - WITH_FREETYPE: 1, WITH_HARFBUZZ: 1
[2018.07.24-18.54.57:131][  0]LogSlate: SlateFontCache - WITH_FREETYPE: 1, WITH_HARFBUZZ: 1
[2018.07.24-18.54.59:972][  0]LogInit: Selected Device Profile: [Windows]
[2018.07.24-18.55.00:673][  0]LogSimplygon: Simplygon DLL not present - disabling.
[2018.07.24-18.55.00:745][  0]LogMeshReduction: Using SimplygonSwarm for distributed automatic mesh merging
[2018.07.24-18.55.00:745][  0]LogMeshReduction: Using QuadricMeshReduction for automatic static mesh reduction
[2018.07.24-18.55.00:745][  0]LogMeshReduction: No automatic skeletal mesh reduction module available
[2018.07.24-18.55.00:745][  0]LogMeshReduction: No automatic mesh merging module available
[2018.07.24-18.55.00:745][  0]LogMeshMerging: No automatic mesh merging module available
[2018.07.24-18.55.00:796][  0]LogNetVersion: MyProject4 , NetCL: 3709383, EngineNetVer: 2, GameNetVer: 0 (Checksum: 1714626933)
[2018.07.24-18.55.01:004][  0]LogAssetRegistry: FAssetRegistry took 0.0261 seconds to start up
[2018.07.24-18.55.01:710][  0]LogPackageLocalizationCache: Processed 7 localized package path(s) for 1 prioritized culture(s) in 0.039222 seconds
[2018.07.24-18.55.01:715][  0]LogUObjectArray: 35871 objects as part of root set at end of initial load.
[2018.07.24-18.55.01:715][  0]LogUObjectAllocator: 7363920 out of 0 bytes used by permanent object pool.
[2018.07.24-18.55.01:715][  0]LogUObjectArray: CloseDisregardForGC: 0/0 objects in disregard for GC pool
[2018.07.24-18.55.01:779][  0]LogInit: WinSock: version 1.1 (2.2), MaxSocks=32767, MaxUdp=65467
[2018.07.24-18.55.22:813][  0]LogTcpMessaging: Initializing TcpMessaging bridge
[2018.07.24-18.55.22:866][  0]LogUdpMessaging: Initializing bridge on interface 0.0.0.0:0 to multicast group 230.0.0.1:6666.
[2018.07.24-18.55.23:739][  0]LogMaterial: Uniform references updated for custom material expression Custom.
[2018.07.24-18.55.24:273][  0]SourceControl: Source control is disabled
[2018.07.24-18.55.26:065][  0]LogAndroidPermission: UAndroidPermissionCallbackProxy::GetInstance
[2018.07.24-18.55.26:448][  0]LogOcInput: OculusInput pre-init called
[2018.07.24-18.55.26:809][  0]LogEngine: Initializing Engine...
[2018.07.24-18.55.26:812][  0]LogHMD: Failed to initialize OpenVR with code 110
[2018.07.24-18.55.27:045][  0]LogStats: UGameplayTagsManager::ConstructGameplayTagTree: Construct from data asset -  0.000 s
[2018.07.24-18.55.27:056][  0]LogStats: UGameplayTagsManager::ConstructGameplayTagTree: GameplayTagTreeChangedEvent.Broadcast -  0.000 s
[2018.07.24-18.55.27:215][  0]LogAIModule: Creating AISystem for world Untitled
[2018.07.24-18.55.27:248][  0]LogInit: XAudio2 using 'Speakers (High Definition Audio Device)' : 2 channels at 48 kHz using 16 bits per sample (channel mask 0x3)
[2018.07.24-18.55.27:291][  0]LogInit: FAudioDevice initialized.
[2018.07.24-18.55.27:490][  0]LogDerivedDataCache: Saved boot cache 0.20s 78MB C:/Users/Jeremy/AppData/Local/UnrealEngine/4.18/DerivedDataCache/Boot.ddc.
[2018.07.24-18.55.27:506][  0]LogInit: Texture streaming: Enabled
[2018.07.24-18.55.27:643][  0]LogEngineSessionManager: EngineSessionManager initialized
[2018.07.24-18.55.27:834][  0]LogInit: Transaction tracking system initialized
[2018.07.24-18.55.28:235][  0]BlueprintLog: New page: Editor Load
[2018.07.24-18.55.29:345][  0]LocalizationService: Localization service is disabled
[2018.07.24-18.55.30:009][  0]LogLinker: Warning: Can't find file '/Game/FirstPersonBP/FirstPersonOverview'
[2018.07.24-18.55.30:009][  0]LogLinker: Warning: Can't find file '/Game/FirstPersonBP/FirstPersonOverview'
[2018.07.24-18.55.30:009][  0]LogUObjectGlobals: Warning: Failed to find object 'Class /Game/FirstPersonBP/FirstPersonOverview.FirstPersonOverview_C'
[2018.07.24-18.55.30:284][  0]LogConsoleResponse: Display: 
[2018.07.24-18.55.30:509][  0]LogCook: Display: Max memory allowance for cook 16384mb min free memory 0mb
[2018.07.24-18.55.30:509][  0]LogCook: Display: Mobile HDR setting 1
[2018.07.24-18.55.30:509][  0]LogGameplayTags: Display: UGameplayTagsManager::DoneAddingNativeTags. DelegateIsBound: 0
[2018.07.24-18.55.31:445][  0]LogFileCache: Scanning file cache for directory 'C:/Users/Jeremy/Documents/GitHub/MyProject4/Content/' took 0.03s
[2018.07.24-18.55.32:042][  0]Cmd: MAP LOAD FILE="../../../../../../Users/Jeremy/Documents/GitHub/MyProject4/Content/StarterContent/Map_1.umap" TEMPLATE=0 SHOWPROGRESS=1 FEATURELEVEL=3
[2018.07.24-18.55.32:042][  0]LightingResults: New page: Lighting Build
[2018.07.24-18.55.32:094][  0]MapCheck: New page: Map Check
[2018.07.24-18.55.32:094][  0]LightingResults: New page: Lighting Build
[2018.07.24-18.55.36:634][  0]LogAIModule: Creating AISystem for world Map_1
[2018.07.24-18.55.39:271][  0]LogEditorServer: Finished looking for orphan Actors (0.000 secs)
[2018.07.24-18.55.39:296][  0]Cmd: MAP CHECKDEP NOCLEARLOG
[2018.07.24-18.55.39:379][  0]MapCheck: Map check complete: 0 Error(s), 0 Warning(s), took 82.859ms to complete.
[2018.07.24-18.55.39:379][  0]LogFileHelpers: Loading map 'Map_1' took 7.337
[2018.07.24-18.55.40:160][  0]LogCollectionManager: Loaded 0 collections in 0.002088 seconds
[2018.07.24-18.55.40:304][  0]LogFileCache: Scanning file cache for directory 'C:/Users/Jeremy/Documents/GitHub/MyProject4/Saved/Collections/' took 0.01s
[2018.07.24-18.55.40:304][  0]LogFileCache: Scanning file cache for directory 'C:/Users/Jeremy/Documents/GitHub/MyProject4/Content/Developers/Jeremy/Collections/' took 0.01s
[2018.07.24-18.55.40:304][  0]LogFileCache: Scanning file cache for directory 'C:/Users/Jeremy/Documents/GitHub/MyProject4/Content/Collections/' took 0.01s
[2018.07.24-18.55.40:304][  0]LogCollectionManager: Rebuilt the GUID cache for 0 collections in 0.000001 seconds
[2018.07.24-18.55.40:311][  0]LogContentBrowser: Native class hierarchy populated in 0.0071 seconds. Added 2363 classes and 519 folders.
[2018.07.24-18.55.40:405][  0]LogContentBrowser: Native class hierarchy updated for 'WidgetCarousel' in 0.0003 seconds. Added 0 classes and 0 folders.
[2018.07.24-18.55.41:534][  0]LogContentBrowser: Native class hierarchy updated for 'AddContentDialog' in 0.0002 seconds. Added 0 classes and 0 folders.
[2018.07.24-18.55.41:621][  0]LogContentBrowser: Native class hierarchy updated for 'SceneOutliner' in 0.0002 seconds. Added 1 classes and 2 folders.
[2018.07.24-18.55.42:238][  0]LogSlate: Took 0.000375 seconds to synchronously load lazily loaded font '../../../Engine/Content/Slate/Fonts/Roboto-Regular.ttf' (155K)
[2018.07.24-18.55.42:240][  0]LogSlate: Took 0.000195 seconds to synchronously load lazily loaded font '../../../Engine/Content/Slate/Fonts/Roboto-Bold.ttf' (160K)
[2018.07.24-18.55.42:309][  0]LogSlate: Took 0.007943 seconds to synchronously load lazily loaded font '../../../Engine/Content/Editor/Slate/Fonts/FontAwesome.ttf' (139K)
[2018.07.24-18.55.42:738][  0]LogRenderer: Reallocating scene render targets to support 1208x576 Format 10 NumSamples 1 (Frame:1).
[2018.07.24-18.55.43:301][  0]LogSlate: Took 0.009566 seconds to synchronously load lazily loaded font '../../../Engine/Content/Slate/Fonts/Roboto-Light.ttf' (159K)
[2018.07.24-18.55.43:561][  0]LogContentBrowser: Native class hierarchy updated for 'HierarchicalLODOutliner' in 0.0002 seconds. Added 1 classes and 2 folders.
[2018.07.24-18.55.43:561][  0]LogLoad: (Engine Initialization) Total time: 72.40 seconds
[2018.07.24-18.55.43:561][  0]LogLoad: (Engine Initialization) Total Blueprint compile time: 0.00 seconds
[2018.07.24-18.55.43:561][  0]LogExternalProfiler: No external profilers were discovered.  External profiling features will not be available.
[2018.07.24-18.55.43:968][  0]SourceControl: On branch master
[2018.07.24-18.55.43:968][  0]SourceControl: Your branch is up to date with 'origin/master'.
[2018.07.24-18.55.43:968][  0]SourceControl: Changes not staged for commit:
[2018.07.24-18.55.43:968][  0]SourceControl:   (use "git add <file>..." to update what will be committed)
[2018.07.24-18.55.43:968][  0]SourceControl:   (use "git checkout -- <file>..." to discard changes in working directory)
[2018.07.24-18.55.43:968][  0]SourceControl: 	modified:   Content/Pause.uasset
[2018.07.24-18.55.43:968][  0]SourceControl: 	modified:   Intermediate/CachedAssetRegistry.bin
[2018.07.24-18.55.43:968][  0]SourceControl: 	modified:   Intermediate/Config/CoalescedSourceConfigs/EditorPerProjectUserSettings.ini
[2018.07.24-18.55.43:968][  0]SourceControl: 	modified:   Intermediate/Config/CoalescedSourceConfigs/Engine.ini
[2018.07.24-18.55.43:968][  0]SourceControl: 	modified:   Saved/AutoScreenshot.png
[2018.07.24-18.55.43:968][  0]SourceControl: 	modified:   Saved/Autosaves/PackageRestoreData.json
[2018.07.24-18.55.43:968][  0]SourceControl: 	modified:   Saved/Config/Windows/Editor.ini
[2018.07.24-18.55.43:968][  0]SourceControl: 	modified:   Saved/Config/Windows/EditorPerProjectUserSettings.ini
[2018.07.24-18.55.43:968][  0]SourceControl: 	modified:   Saved/Logs/MyProject4.log
[2018.07.24-18.55.43:968][  0]SourceControl: Untracked files:
[2018.07.24-18.55.43:968][  0]SourceControl:   (use "git add <file>..." to include in what will be committed)
[2018.07.24-18.55.43:968][  0]SourceControl: 	Saved/Backup/Pause_2018-07-24-20-23-46.uasset
[2018.07.24-18.55.43:968][  0]SourceControl: 	Saved/Config/CrashReportClient/UE4CC-Windows-1462676F4EEFE9C20D4D03816583564A/
[2018.07.24-18.55.43:968][  0]SourceControl: 	Saved/Logs/MyProject4-backup-2018.07.24-20.54.43.log
[2018.07.24-18.55.43:968][  0]SourceControl: no changes added to commit (use "git add" and/or "git commit -a")
[2018.07.24-18.55.43:968][  0]LogContentStreaming: Texture pool size now 1000 MB
[2018.07.24-18.55.44:266][  1]LogAssetRegistry: Asset discovery search completed in 43.2840 seconds
[2018.07.24-18.55.44:267][  1]LogCollectionManager: Rebuilt the object cache for 0 collections in 0.000000 seconds (found 0 objects)
[2018.07.24-18.55.44:267][  1]LogCollectionManager: Fixed up redirectors for 0 collections in 0.000035 seconds (updated 0 objects)
[2018.07.24-18.55.45:791][  3]LogSlate: Took 0.000214 seconds to synchronously load lazily loaded font '../../../Engine/Content/Slate/Fonts/Roboto-Light.ttf' (159K)
[2018.07.24-19.01.55:779][456]LogSlate: Took 0.000203 seconds to synchronously load lazily loaded font '../../../Engine/Content/Slate/Fonts/Roboto-Light.ttf' (159K)
[2018.07.24-19.01.55:836][456]LightingResults: New page: Lighting Build
[2018.07.24-19.01.55:917][456]MapCheck: New page: Map Check
[2018.07.24-19.01.55:917][456]LightingResults: New page: Lighting Build
[2018.07.24-19.01.55:995][456]LogAIModule: Creating AISystem for world Untitled
[2018.07.24-19.01.56:149][456]LoadErrors: New page: New Map
[2018.07.24-19.01.56:212][456]LogAIModule: Creating AISystem for world Map_1
[2018.07.24-19.01.58:468][456]SourceControl: rm 'Content/StarterContent/Map_1.umap'
